<?xml version="1.0" encoding="UTF-8"?>
<testng-results skipped="0" failed="0" ignored="0" total="1" passed="1">
  <reporter-output>
  </reporter-output>
  <suite name="Default suite" duration-ms="34457" started-at="2022-01-10T14:16:14Z" finished-at="2022-01-10T14:16:49Z">
    <groups>
    </groups>
    <test name="Default test" duration-ms="34457" started-at="2022-01-10T14:16:14Z" finished-at="2022-01-10T14:16:49Z">
      <class name="com.selemium.test.LoginLogout">
        <test-method status="PASS" signature="LoginLogoutTest()[pri:0, instance:com.selemium.test.LoginLogout@5622fdf]" name="LoginLogoutTest" duration-ms="34442" started-at="2022-01-10T19:46:14Z" finished-at="2022-01-10T19:46:49Z">
          <reporter-output>
          </reporter-output>
        </test-method> <!-- LoginLogoutTest -->
      </class> <!-- com.selemium.test.LoginLogout -->
    </test> <!-- Default test -->
  </suite> <!-- Default suite -->
</testng-results>
